{"C:\\Users\\eliza\\OneDrive\\Desktop\\HerSync\\frontend\\src\\Pages\\HealthPage.jsx": {"path":"C:\\Users\\eliza\\OneDrive\\Desktop\\HerSync\\frontend\\src\\Pages\\HealthPage.jsx","statementMap":{"0":{"start":{"line":8,"column":33},"end":{"line":8,"column":44}},"1":{"start":{"line":9,"column":2},"end":{"line":9,"column":41}},"2":{"start":{"line":11,"column":42},"end":{"line":11,"column":62}},"3":{"start":{"line":12,"column":26},"end":{"line":12,"column":38}},"4":{"start":{"line":13,"column":28},"end":{"line":13,"column":40}},"5":{"start":{"line":14,"column":28},"end":{"line":14,"column":40}},"6":{"start":{"line":15,"column":34},"end":{"line":15,"column":46}},"7":{"start":{"line":16,"column":30},"end":{"line":16,"column":45}},"8":{"start":{"line":18,"column":36},"end":{"line":18,"column":50}},"9":{"start":{"line":19,"column":34},"end":{"line":19,"column":49}},"10":{"start":{"line":21,"column":21},"end":{"line":22,"column":46}},"11":{"start":{"line":22,"column":4},"end":{"line":22,"column":46}},"12":{"start":{"line":24,"column":29},"end":{"line":24,"column":53}},"13":{"start":{"line":30,"column":21},"end":{"line":32,"column":3}},"14":{"start":{"line":31,"column":11},"end":{"line":31,"column":52}},"15":{"start":{"line":38,"column":21},"end":{"line":42,"column":15}},"16":{"start":{"line":39,"column":4},"end":{"line":41,"column":38}},"17":{"start":{"line":40,"column":21},"end":{"line":40,"column":29}},"18":{"start":{"line":41,"column":18},"end":{"line":41,"column":36}},"19":{"start":{"line":48,"column":30},"end":{"line":75,"column":15}},"20":{"start":{"line":49,"column":24},"end":{"line":49,"column":26}},"21":{"start":{"line":50,"column":25},"end":{"line":50,"column":26}},"22":{"start":{"line":52,"column":4},"end":{"line":52,"column":35}},"23":{"start":{"line":52,"column":25},"end":{"line":52,"column":35}},"24":{"start":{"line":54,"column":26},"end":{"line":56,"column":58}},"25":{"start":{"line":55,"column":21},"end":{"line":55,"column":29}},"26":{"start":{"line":56,"column":22},"end":{"line":56,"column":57}},"27":{"start":{"line":58,"column":4},"end":{"line":58,"column":41}},"28":{"start":{"line":58,"column":31},"end":{"line":58,"column":41}},"29":{"start":{"line":60,"column":22},"end":{"line":62,"column":5}},"30":{"start":{"line":64,"column":20},"end":{"line":68,"column":5}},"31":{"start":{"line":65,"column":16},"end":{"line":65,"column":30}},"32":{"start":{"line":66,"column":6},"end":{"line":66,"column":36}},"33":{"start":{"line":67,"column":6},"end":{"line":67,"column":15}},"34":{"start":{"line":70,"column":22},"end":{"line":70,"column":53}},"35":{"start":{"line":72,"column":4},"end":{"line":74,"column":6}},"36":{"start":{"line":73,"column":6},"end":{"line":73,"column":39}},"37":{"start":{"line":82,"column":4},"end":{"line":89,"column":9}},"38":{"start":{"line":85,"column":24},"end":{"line":85,"column":50}},"39":{"start":{"line":91,"column":22},"end":{"line":94,"column":26}},"40":{"start":{"line":92,"column":19},"end":{"line":92,"column":27}},"41":{"start":{"line":93,"column":16},"end":{"line":93,"column":32}},"42":{"start":{"line":94,"column":20},"end":{"line":94,"column":25}},"43":{"start":{"line":96,"column":21},"end":{"line":96,"column":35}},"44":{"start":{"line":99,"column":4},"end":{"line":102,"column":5}},"45":{"start":{"line":108,"column":23},"end":{"line":133,"column":3}},"46":{"start":{"line":109,"column":4},"end":{"line":109,"column":23}},"47":{"start":{"line":111,"column":16},"end":{"line":118,"column":6}},"48":{"start":{"line":120,"column":4},"end":{"line":120,"column":37}},"49":{"start":{"line":121,"column":4},"end":{"line":121,"column":22}},"50":{"start":{"line":123,"column":4},"end":{"line":126,"column":5}},"51":{"start":{"line":124,"column":6},"end":{"line":124,"column":34}},"52":{"start":{"line":125,"column":6},"end":{"line":125,"column":24}},"53":{"start":{"line":128,"column":4},"end":{"line":128,"column":16}},"54":{"start":{"line":129,"column":4},"end":{"line":129,"column":17}},"55":{"start":{"line":130,"column":4},"end":{"line":130,"column":17}},"56":{"start":{"line":131,"column":4},"end":{"line":131,"column":20}},"57":{"start":{"line":132,"column":4},"end":{"line":132,"column":21}},"58":{"start":{"line":136,"column":24},"end":{"line":147,"column":1}},"59":{"start":{"line":137,"column":2},"end":{"line":137,"column":36}},"60":{"start":{"line":137,"column":19},"end":{"line":137,"column":36}},"61":{"start":{"line":140,"column":4},"end":{"line":141,"column":25}},"62":{"start":{"line":143,"column":2},"end":{"line":143,"column":36}},"63":{"start":{"line":143,"column":17},"end":{"line":143,"column":36}},"64":{"start":{"line":144,"column":2},"end":{"line":144,"column":38}},"65":{"start":{"line":144,"column":18},"end":{"line":144,"column":38}},"66":{"start":{"line":145,"column":2},"end":{"line":145,"column":37}},"67":{"start":{"line":145,"column":18},"end":{"line":145,"column":37}},"68":{"start":{"line":146,"column":2},"end":{"line":146,"column":18}},"69":{"start":{"line":152,"column":2},"end":{"line":347,"column":4}},"70":{"start":{"line":217,"column":16},"end":{"line":217,"column":53}},"71":{"start":{"line":219,"column":16},"end":{"line":221,"column":17}},"72":{"start":{"line":282,"column":31},"end":{"line":282,"column":54}},"73":{"start":{"line":296,"column":31},"end":{"line":296,"column":63}},"74":{"start":{"line":304,"column":31},"end":{"line":304,"column":63}},"75":{"start":{"line":313,"column":16},"end":{"line":313,"column":43}},"76":{"start":{"line":323,"column":18},"end":{"line":323,"column":45}}},"fnMap":{"0":{"name":"HealthPage","decl":{"start":{"line":7,"column":24},"end":{"line":7,"column":34}},"loc":{"start":{"line":7,"column":37},"end":{"line":348,"column":1}},"line":7},"1":{"name":"(anonymous_1)","decl":{"start":{"line":21,"column":21},"end":{"line":21,"column":22}},"loc":{"start":{"line":22,"column":4},"end":{"line":22,"column":46}},"line":22},"2":{"name":"(anonymous_2)","decl":{"start":{"line":31,"column":4},"end":{"line":31,"column":5}},"loc":{"start":{"line":31,"column":11},"end":{"line":31,"column":52}},"line":31},"3":{"name":"(anonymous_3)","decl":{"start":{"line":38,"column":29},"end":{"line":38,"column":30}},"loc":{"start":{"line":38,"column":35},"end":{"line":42,"column":3}},"line":38},"4":{"name":"(anonymous_4)","decl":{"start":{"line":40,"column":14},"end":{"line":40,"column":15}},"loc":{"start":{"line":40,"column":21},"end":{"line":40,"column":29}},"line":40},"5":{"name":"(anonymous_5)","decl":{"start":{"line":41,"column":11},"end":{"line":41,"column":12}},"loc":{"start":{"line":41,"column":18},"end":{"line":41,"column":36}},"line":41},"6":{"name":"(anonymous_6)","decl":{"start":{"line":48,"column":38},"end":{"line":48,"column":39}},"loc":{"start":{"line":48,"column":44},"end":{"line":75,"column":3}},"line":48},"7":{"name":"(anonymous_7)","decl":{"start":{"line":55,"column":14},"end":{"line":55,"column":15}},"loc":{"start":{"line":55,"column":21},"end":{"line":55,"column":29}},"line":55},"8":{"name":"(anonymous_8)","decl":{"start":{"line":56,"column":12},"end":{"line":56,"column":13}},"loc":{"start":{"line":56,"column":22},"end":{"line":56,"column":57}},"line":56},"9":{"name":"(anonymous_9)","decl":{"start":{"line":64,"column":20},"end":{"line":64,"column":21}},"loc":{"start":{"line":64,"column":36},"end":{"line":68,"column":5}},"line":64},"10":{"name":"(anonymous_10)","decl":{"start":{"line":72,"column":48},"end":{"line":72,"column":49}},"loc":{"start":{"line":73,"column":6},"end":{"line":73,"column":39}},"line":73},"11":{"name":"(anonymous_11)","decl":{"start":{"line":85,"column":12},"end":{"line":85,"column":13}},"loc":{"start":{"line":85,"column":24},"end":{"line":85,"column":50}},"line":85},"12":{"name":"(anonymous_12)","decl":{"start":{"line":92,"column":12},"end":{"line":92,"column":13}},"loc":{"start":{"line":92,"column":19},"end":{"line":92,"column":27}},"line":92},"13":{"name":"(anonymous_13)","decl":{"start":{"line":93,"column":9},"end":{"line":93,"column":10}},"loc":{"start":{"line":93,"column":16},"end":{"line":93,"column":32}},"line":93},"14":{"name":"(anonymous_14)","decl":{"start":{"line":94,"column":10},"end":{"line":94,"column":11}},"loc":{"start":{"line":94,"column":20},"end":{"line":94,"column":25}},"line":94},"15":{"name":"(anonymous_15)","decl":{"start":{"line":108,"column":23},"end":{"line":108,"column":24}},"loc":{"start":{"line":108,"column":36},"end":{"line":133,"column":3}},"line":108},"16":{"name":"(anonymous_16)","decl":{"start":{"line":136,"column":24},"end":{"line":136,"column":25}},"loc":{"start":{"line":136,"column":54},"end":{"line":147,"column":1}},"line":136},"17":{"name":"(anonymous_17)","decl":{"start":{"line":216,"column":22},"end":{"line":216,"column":23}},"loc":{"start":{"line":217,"column":16},"end":{"line":217,"column":53}},"line":217},"18":{"name":"(anonymous_18)","decl":{"start":{"line":218,"column":25},"end":{"line":218,"column":26}},"loc":{"start":{"line":219,"column":16},"end":{"line":221,"column":17}},"line":219},"19":{"name":"(anonymous_19)","decl":{"start":{"line":282,"column":24},"end":{"line":282,"column":25}},"loc":{"start":{"line":282,"column":31},"end":{"line":282,"column":54}},"line":282},"20":{"name":"(anonymous_20)","decl":{"start":{"line":296,"column":24},"end":{"line":296,"column":25}},"loc":{"start":{"line":296,"column":31},"end":{"line":296,"column":63}},"line":296},"21":{"name":"(anonymous_21)","decl":{"start":{"line":304,"column":24},"end":{"line":304,"column":25}},"loc":{"start":{"line":304,"column":31},"end":{"line":304,"column":63}},"line":304},"22":{"name":"(anonymous_22)","decl":{"start":{"line":312,"column":24},"end":{"line":312,"column":25}},"loc":{"start":{"line":313,"column":16},"end":{"line":313,"column":43}},"line":313},"23":{"name":"(anonymous_23)","decl":{"start":{"line":322,"column":26},"end":{"line":322,"column":27}},"loc":{"start":{"line":323,"column":18},"end":{"line":323,"column":45}},"line":323}},"branchMap":{"0":{"loc":{"start":{"line":52,"column":4},"end":{"line":52,"column":35}},"type":"if","locations":[{"start":{"line":52,"column":4},"end":{"line":52,"column":35}},{"start":{},"end":{}}],"line":52},"1":{"loc":{"start":{"line":58,"column":4},"end":{"line":58,"column":41}},"type":"if","locations":[{"start":{"line":58,"column":4},"end":{"line":58,"column":41}},{"start":{},"end":{}}],"line":58},"2":{"loc":{"start":{"line":82,"column":4},"end":{"line":89,"column":9}},"type":"cond-expr","locations":[{"start":{"line":83,"column":8},"end":{"line":88,"column":20}},{"start":{"line":89,"column":8},"end":{"line":89,"column":9}}],"line":82},"3":{"loc":{"start":{"line":85,"column":37},"end":{"line":85,"column":49}},"type":"binary-expr","locations":[{"start":{"line":85,"column":37},"end":{"line":85,"column":44}},{"start":{"line":85,"column":48},"end":{"line":85,"column":49}}],"line":85},"4":{"loc":{"start":{"line":99,"column":4},"end":{"line":102,"column":5}},"type":"binary-expr","locations":[{"start":{"line":99,"column":4},"end":{"line":99,"column":14}},{"start":{"line":100,"column":4},"end":{"line":102,"column":5}}],"line":99},"5":{"loc":{"start":{"line":123,"column":4},"end":{"line":126,"column":5}},"type":"if","locations":[{"start":{"line":123,"column":4},"end":{"line":126,"column":5}},{"start":{},"end":{}}],"line":123},"6":{"loc":{"start":{"line":137,"column":2},"end":{"line":137,"column":36}},"type":"if","locations":[{"start":{"line":137,"column":2},"end":{"line":137,"column":36}},{"start":{},"end":{}}],"line":137},"7":{"loc":{"start":{"line":143,"column":2},"end":{"line":143,"column":36}},"type":"if","locations":[{"start":{"line":143,"column":2},"end":{"line":143,"column":36}},{"start":{},"end":{}}],"line":143},"8":{"loc":{"start":{"line":144,"column":2},"end":{"line":144,"column":38}},"type":"if","locations":[{"start":{"line":144,"column":2},"end":{"line":144,"column":38}},{"start":{},"end":{}}],"line":144},"9":{"loc":{"start":{"line":145,"column":2},"end":{"line":145,"column":37}},"type":"if","locations":[{"start":{"line":145,"column":2},"end":{"line":145,"column":37}},{"start":{},"end":{}}],"line":145},"10":{"loc":{"start":{"line":186,"column":13},"end":{"line":188,"column":21}},"type":"cond-expr","locations":[{"start":{"line":187,"column":16},"end":{"line":187,"column":47}},{"start":{"line":188,"column":16},"end":{"line":188,"column":21}}],"line":186},"11":{"loc":{"start":{"line":197,"column":13},"end":{"line":199,"column":21}},"type":"cond-expr","locations":[{"start":{"line":198,"column":16},"end":{"line":198,"column":50}},{"start":{"line":199,"column":16},"end":{"line":199,"column":21}}],"line":197},"12":{"loc":{"start":{"line":342,"column":7},"end":{"line":344,"column":7}},"type":"binary-expr","locations":[{"start":{"line":342,"column":7},"end":{"line":342,"column":15}},{"start":{"line":343,"column":8},"end":{"line":343,"column":49}}],"line":342}},"s":{"0":0,"1":0,"2":0,"3":0,"4":0,"5":0,"6":0,"7":0,"8":0,"9":0,"10":0,"11":0,"12":0,"13":0,"14":0,"15":0,"16":0,"17":0,"18":0,"19":0,"20":0,"21":0,"22":0,"23":0,"24":0,"25":0,"26":0,"27":0,"28":0,"29":0,"30":0,"31":0,"32":0,"33":0,"34":0,"35":0,"36":0,"37":0,"38":0,"39":0,"40":0,"41":0,"42":0,"43":0,"44":0,"45":0,"46":0,"47":0,"48":0,"49":0,"50":0,"51":0,"52":0,"53":0,"54":0,"55":0,"56":0,"57":0,"58":0,"59":0,"60":0,"61":0,"62":0,"63":0,"64":0,"65":0,"66":0,"67":0,"68":0,"69":0,"70":0,"71":0,"72":0,"73":0,"74":0,"75":0,"76":0},"f":{"0":0,"1":0,"2":0,"3":0,"4":0,"5":0,"6":0,"7":0,"8":0,"9":0,"10":0,"11":0,"12":0,"13":0,"14":0,"15":0,"16":0,"17":0,"18":0,"19":0,"20":0,"21":0,"22":0,"23":0},"b":{"0":[0,0],"1":[0,0],"2":[0,0],"3":[0,0],"4":[0,0],"5":[0,0],"6":[0,0],"7":[0,0],"8":[0,0],"9":[0,0],"10":[0,0],"11":[0,0],"12":[0,0]},"_coverageSchema":"1a1c01bbd47fc00a2c39e90264f33305004495a9","hash":"7aa785549a4b569fc2373fd103e71358e27bd7d8"}
}
