TN:
SF:src\Pages\HealthPage.jsx
FN:7,HealthPage
FN:21,(anonymous_1)
FN:31,(anonymous_2)
FN:38,(anonymous_3)
FN:40,(anonymous_4)
FN:41,(anonymous_5)
FN:48,(anonymous_6)
FN:55,(anonymous_7)
FN:56,(anonymous_8)
FN:64,(anonymous_9)
FN:72,(anonymous_10)
FN:85,(anonymous_11)
FN:92,(anonymous_12)
FN:93,(anonymous_13)
FN:94,(anonymous_14)
FN:108,(anonymous_15)
FN:136,(anonymous_16)
FN:216,(anonymous_17)
FN:218,(anonymous_18)
FN:282,(anonymous_19)
FN:296,(anonymous_20)
FN:304,(anonymous_21)
FN:312,(anonymous_22)
FN:322,(anonymous_23)
FNF:24
FNH:0
FNDA:0,HealthPage
FNDA:0,(anonymous_1)
FNDA:0,(anonymous_2)
FNDA:0,(anonymous_3)
FNDA:0,(anonymous_4)
FNDA:0,(anonymous_5)
FNDA:0,(anonymous_6)
FNDA:0,(anonymous_7)
FNDA:0,(anonymous_8)
FNDA:0,(anonymous_9)
FNDA:0,(anonymous_10)
FNDA:0,(anonymous_11)
FNDA:0,(anonymous_12)
FNDA:0,(anonymous_13)
FNDA:0,(anonymous_14)
FNDA:0,(anonymous_15)
FNDA:0,(anonymous_16)
FNDA:0,(anonymous_17)
FNDA:0,(anonymous_18)
FNDA:0,(anonymous_19)
FNDA:0,(anonymous_20)
FNDA:0,(anonymous_21)
FNDA:0,(anonymous_22)
FNDA:0,(anonymous_23)
DA:8,0
DA:9,0
DA:11,0
DA:12,0
DA:13,0
DA:14,0
DA:15,0
DA:16,0
DA:18,0
DA:19,0
DA:21,0
DA:22,0
DA:24,0
DA:30,0
DA:31,0
DA:38,0
DA:39,0
DA:40,0
DA:41,0
DA:48,0
DA:49,0
DA:50,0
DA:52,0
DA:54,0
DA:55,0
DA:56,0
DA:58,0
DA:60,0
DA:64,0
DA:65,0
DA:66,0
DA:67,0
DA:70,0
DA:72,0
DA:73,0
DA:82,0
DA:85,0
DA:91,0
DA:92,0
DA:93,0
DA:94,0
DA:96,0
DA:99,0
DA:108,0
DA:109,0
DA:111,0
DA:120,0
DA:121,0
DA:123,0
DA:124,0
DA:125,0
DA:128,0
DA:129,0
DA:130,0
DA:131,0
DA:132,0
DA:136,0
DA:137,0
DA:140,0
DA:143,0
DA:144,0
DA:145,0
DA:146,0
DA:152,0
DA:217,0
DA:219,0
DA:282,0
DA:296,0
DA:304,0
DA:313,0
DA:323,0
LF:71
LH:0
BRDA:52,0,0,0
BRDA:52,0,1,0
BRDA:58,1,0,0
BRDA:58,1,1,0
BRDA:82,2,0,0
BRDA:82,2,1,0
BRDA:85,3,0,0
BRDA:85,3,1,0
BRDA:99,4,0,0
BRDA:99,4,1,0
BRDA:123,5,0,0
BRDA:123,5,1,0
BRDA:137,6,0,0
BRDA:137,6,1,0
BRDA:143,7,0,0
BRDA:143,7,1,0
BRDA:144,8,0,0
BRDA:144,8,1,0
BRDA:145,9,0,0
BRDA:145,9,1,0
BRDA:186,10,0,0
BRDA:186,10,1,0
BRDA:197,11,0,0
BRDA:197,11,1,0
BRDA:342,12,0,0
BRDA:342,12,1,0
BRF:26
BRH:0
end_of_record
